DATE:	2021.01.06 02:11:53
URI:	/register
Method:	GET
REMOTE USER:	
Request:
	test: value
	next: [1,2,3]

DATE:	2021.01.06 02:12:46
URI:	/register
Method:	GET
REMOTE USER:	::1
Request:
	test: value
	next: [1,2,3]

DATE:	2021.01.06 02:37:45
URI:	
Method:	GET
REMOTE USER:	::1
Request:

DATE:	2021.01.06 02:38:00
URI:	
Method:	GET
REMOTE USER:	::1
Request:

DATE:	2021.01.06 02:38:21
URI:	/
Method:	GET
REMOTE USER:	::1
Request:

DATE:	2021.01.06 02:38:28
URI:	/register
Method:	GET
REMOTE USER:	::1
Request:

DATE:	2021.01.06 02:38:30
URI:	/registerdsa
Method:	GET
REMOTE USER:	::1
Request:

DATE:	2021.01.06 02:39:33
URI:	/registerdsa
Method:	GET
REMOTE USER:	::1
Request:

DATE:	2021.01.06 14:18:40
URI:	/registerdsa
Method:	GET
REMOTE USER:	::1
Request:

DATE:	2021.01.06 22:28:17
URI:	/registerdsa
Method:	GET
REMOTE USER:	::1
Request:

DATE:	2021.01.06 22:39:59
URI:	/registerdsa
Method:	GET
REMOTE USER:	::1
Request:

DATE:	2021.01.06 22:40:15
URI:	/registerdsa
Method:	GET
REMOTE USER:	::1
Request:

DATE:	2021.01.06 22:40:20
URI:	/register
Method:	GET
REMOTE USER:	::1
Request:

DATE:	2021.01.06 22:40:24
URI:	/
Method:	GET
REMOTE USER:	::1
Request:

DATE:	2021.01.06 23:12:13
URI:	/
Method:	GET
REMOTE USER:	::1
Request:

DATE:	2021.01.06 23:13:00
URI:	/
Method:	GET
REMOTE USER:	::1
Request:

DATE:	2021.01.06 23:13:09
URI:	/
Method:	GET
REMOTE USER:	::1
Request:

DATE:	2021.01.06 23:13:26
URI:	/
Method:	GET
REMOTE USER:	::1
Request:

DATE:	2021.01.06 23:16:09
URI:	/
Method:	GET
REMOTE USER:	::1
Request:

DATE:	2021.01.06 23:16:54
URI:	/
Method:	GET
REMOTE USER:	::1
Request:

DATE:	2021.01.06 23:18:35
URI:	/
Method:	GET
REMOTE USER:	::1
Request:

